<?xml version="1.0" encoding="UTF-8"?>
<!-- Generated by org.testng.reporters.JUnitReportReporter -->
<testsuite hostname="LAPTOP-7C4LUEFP" name="org.testing.TestScripts.TC3" tests="1" failures="0" timestamp="2 Sep 2021 14:36:24 GMT" time="48.222" errors="0">
  <testcase name="test1" time="48.222" classname="org.testing.TestScripts.TC3"/>
</testsuite> <!-- org.testing.TestScripts.TC3 -->
