<?xml version="1.0" encoding="UTF-8"?>
<!-- Generated by org.testng.reporters.JUnitReportReporter -->
<testsuite hostname="LAPTOP-7C4LUEFP" name="org.testing.TestScripts.TC1" tests="1" failures="0" timestamp="15 Aug 2021 10:49:52 GMT" time="72.581" errors="0">
  <testcase name="test1" time="72.581" classname="org.testing.TestScripts.TC1"/>
</testsuite> <!-- org.testing.TestScripts.TC1 -->
