<?xml version="1.0" encoding="UTF-8"?>
<!-- Generated by org.testng.reporters.JUnitReportReporter -->
<testsuite hostname="LAPTOP-7C4LUEFP" name="org.testing.TestScripts.TC6" tests="1" failures="0" timestamp="14 Aug 2021 14:48:35 GMT" time="45.507" errors="0">
  <testcase name="test1" time="45.507" classname="org.testing.TestScripts.TC6"/>
</testsuite> <!-- org.testing.TestScripts.TC6 -->
