<?xml version="1.0" encoding="UTF-8"?>
<!-- Generated by org.testng.reporters.JUnitReportReporter -->
<testsuite hostname="LAPTOP-7C4LUEFP" name="org.testing.TestScripts.TC1" tests="1" failures="0" timestamp="3 Sep 2021 09:24:31 GMT" time="70.920" errors="0">
  <testcase name="test1" time="70.920" classname="org.testing.TestScripts.TC1"/>
</testsuite> <!-- org.testing.TestScripts.TC1 -->
