<?xml version="1.0" encoding="UTF-8"?>
<!-- Generated by org.testng.reporters.JUnitReportReporter -->
<testsuite hostname="LAPTOP-7C4LUEFP" name="org.testing.TestScripts.abcd" tests="1" failures="0" timestamp="22 Aug 2021 09:57:05 GMT" time="0.228" errors="0">
  <testcase name="a" time="0.228" classname="org.testing.TestScripts.abcd"/>
</testsuite> <!-- org.testing.TestScripts.abcd -->
