<?xml version="1.0" encoding="UTF-8"?>
<!-- Generated by org.testng.reporters.JUnitReportReporter -->
<testsuite hostname="LAPTOP-7C4LUEFP" name="org.testing.TestScripts.TC2" tests="1" failures="0" timestamp="14 Aug 2021 14:48:35 GMT" time="29.396" errors="0">
  <testcase name="test1" time="29.396" classname="org.testing.TestScripts.TC2"/>
</testsuite> <!-- org.testing.TestScripts.TC2 -->
